# JRE version: Java(TM) SE Runtime Environment (13.0.2+8) (build 13.0.2+8)
# Java VM: Java HotSpot(TM) 64-Bit Server VM (13.0.2+8, mixed mode, sharing, tiered, compressed oops, parallel gc, windows-amd64)
Heap:
 PSYoungGen      total 19968K, used 19953K [0x00000000eab00000, 0x00000000ed500000, 0x0000000100000000)
  eden space 7680K, 100% used [0x00000000eab00000,0x00000000eb280000,0x00000000eb280000)
  from space 12288K, 99% used [0x00000000ec200000,0x00000000ecdfc770,0x00000000ece00000)
  to   space 15872K, 25% used [0x00000000eb280000,0x00000000eb680000,0x00000000ec200000)
 ParOldGen       total 234496K, used 189948K [0x00000000c0000000, 0x00000000ce500000, 0x00000000eab00000)
  object space 234496K, 81% used [0x00000000c0000000,0x00000000cb97f270,0x00000000ce500000)
 Metaspace       used 50463K, capacity 53029K, committed 53248K, reserved 1095680K
  class space    used 5365K, capacity 6274K, committed 6400K, reserved 1048576K
GC Heap History (20 events):
Event: 20.910 GC heap after
{Heap after GC invocations=103 (full 6):
 PSYoungGen      total 18432K, used 768K [0x00000000eab00000, 0x00000000ebe00000, 0x0000000100000000)
  eden space 17408K, 0% used [0x00000000eab00000,0x00000000eab00000,0x00000000ebc00000)
  from space 1024K, 75% used [0x00000000ebc00000,0x00000000ebcc0000,0x00000000ebd00000)
  to   space 1024K, 0% used [0x00000000ebd00000,0x00000000ebd00000,0x00000000ebe00000)
 ParOldGen       total 187904K, used 147209K [0x00000000c0000000, 0x00000000cb780000, 0x00000000eab00000)
  object space 187904K, 78% used [0x00000000c0000000,0x00000000c8fc2448,0x00000000cb780000)
 Metaspace       used 49645K, capacity 52125K, committed 52352K, reserved 1095680K
  class space    used 5315K, capacity 6187K, committed 6272K, reserved 1048576K
}
Event: 20.937 GC heap before
{Heap before GC invocations=104 (full 6):
 PSYoungGen      total 18432K, used 18167K [0x00000000eab00000, 0x00000000ebe00000, 0x0000000100000000)
  eden space 17408K, 99% used [0x00000000eab00000,0x00000000ebbfdf78,0x00000000ebc00000)
  from space 1024K, 75% used [0x00000000ebc00000,0x00000000ebcc0000,0x00000000ebd00000)
  to   space 1024K, 0% used [0x00000000ebd00000,0x00000000ebd00000,0x00000000ebe00000)
 ParOldGen       total 187904K, used 147209K [0x00000000c0000000, 0x00000000cb780000, 0x00000000eab00000)
  object space 187904K, 78% used [0x00000000c0000000,0x00000000c8fc2448,0x00000000cb780000)
 Metaspace       used 49645K, capacity 52125K, committed 52352K, reserved 1095680K
  class space    used 5315K, capacity 6187K, committed 6272K, reserved 1048576K
}
Event: 20.941 GC heap after
{Heap after GC invocations=104 (full 6):
 PSYoungGen      total 18432K, used 513K [0x00000000eab00000, 0x00000000ec000000, 0x0000000100000000)
  eden space 17408K, 0% used [0x00000000eab00000,0x00000000eab00000,0x00000000ebc00000)
  from space 1024K, 50% used [0x00000000ebd00000,0x00000000ebd80668,0x00000000ebe00000)
  to   space 1024K, 0% used [0x00000000ebc00000,0x00000000ebc00000,0x00000000ebd00000)
 ParOldGen       total 187904K, used 147809K [0x00000000c0000000, 0x00000000cb780000, 0x00000000eab00000)
  object space 187904K, 78% used [0x00000000c0000000,0x00000000c9058448,0x00000000cb780000)
 Metaspace       used 49645K, capacity 52125K, committed 52352K, reserved 1095680K
  class space    used 5315K, capacity 6187K, committed 6272K, reserved 1048576K
}
Event: 20.970 GC heap before
{Heap before GC invocations=105 (full 6):
 PSYoungGen      total 18432K, used 17921K [0x00000000eab00000, 0x00000000ec000000, 0x0000000100000000)
  eden space 17408K, 100% used [0x00000000eab00000,0x00000000ebc00000,0x00000000ebc00000)
  from space 1024K, 50% used [0x00000000ebd00000,0x00000000ebd80668,0x00000000ebe00000)
  to   space 1024K, 0% used [0x00000000ebc00000,0x00000000ebc00000,0x00000000ebd00000)
 ParOldGen       total 187904K, used 147809K [0x00000000c0000000, 0x00000000cb780000, 0x00000000eab00000)
  object space 187904K, 78% used [0x00000000c0000000,0x00000000c9058448,0x00000000cb780000)
 Metaspace       used 49645K, capacity 52125K, committed 52352K, reserved 1095680K
  class space    used 5315K, capacity 6187K, committed 6272K, reserved 1048576K
}
Event: 20.974 GC heap after
{Heap after GC invocations=105 (full 6):
 PSYoungGen      total 18432K, used 608K [0x00000000eab00000, 0x00000000ec000000, 0x0000000100000000)
  eden space 17408K, 0% used [0x00000000eab00000,0x00000000eab00000,0x00000000ebc00000)
  from space 1024K, 59% used [0x00000000ebc00000,0x00000000ebc98000,0x00000000ebd00000)
  to   space 1024K, 0% used [0x00000000ebf00000,0x00000000ebf00000,0x00000000ec000000)
 ParOldGen       total 187904K, used 148153K [0x00000000c0000000, 0x00000000cb780000, 0x00000000eab00000)
  object space 187904K, 78% used [0x00000000c0000000,0x00000000c90ae448,0x00000000cb780000)
 Metaspace       used 49645K, capacity 52125K, committed 52352K, reserved 1095680K
  class space    used 5315K, capacity 6187K, committed 6272K, reserved 1048576K
}
Event: 21.210 GC heap before
{Heap before GC invocations=106 (full 6):
 PSYoungGen      total 18432K, used 18016K [0x00000000eab00000, 0x00000000ec000000, 0x0000000100000000)
  eden space 17408K, 100% used [0x00000000eab00000,0x00000000ebc00000,0x00000000ebc00000)
  from space 1024K, 59% used [0x00000000ebc00000,0x00000000ebc98000,0x00000000ebd00000)
  to   space 1024K, 0% used [0x00000000ebf00000,0x00000000ebf00000,0x00000000ec000000)
 ParOldGen       total 187904K, used 148153K [0x00000000c0000000, 0x00000000cb780000, 0x00000000eab00000)
  object space 187904K, 78% used [0x00000000c0000000,0x00000000c90ae448,0x00000000cb780000)
 Metaspace       used 49664K, capacity 52189K, committed 52352K, reserved 1095680K
  class space    used 5316K, capacity 6187K, committed 6272K, reserved 1048576K
}
Event: 21.214 GC heap after
{Heap after GC invocations=106 (full 6):
 PSYoungGen      total 16896K, used 1015K [0x00000000eab00000, 0x00000000ec500000, 0x0000000100000000)
  eden space 15872K, 0% used [0x00000000eab00000,0x00000000eab00000,0x00000000eba80000)
  from space 1024K, 99% used [0x00000000ebf00000,0x00000000ebffdd08,0x00000000ec000000)
  to   space 4608K, 0% used [0x00000000eba80000,0x00000000eba80000,0x00000000ebf00000)
 ParOldGen       total 187904K, used 150986K [0x00000000c0000000, 0x00000000cb780000, 0x00000000eab00000)
  object space 187904K, 80% used [0x00000000c0000000,0x00000000c9372aa0,0x00000000cb780000)
 Metaspace       used 49664K, capacity 52189K, committed 52352K, reserved 1095680K
  class space    used 5316K, capacity 6187K, committed 6272K, reserved 1048576K
}
Event: 21.411 GC heap before
{Heap before GC invocations=107 (full 6):
 PSYoungGen      total 16896K, used 16420K [0x00000000eab00000, 0x00000000ec500000, 0x0000000100000000)
  eden space 15872K, 97% used [0x00000000eab00000,0x00000000eba0b660,0x00000000eba80000)
  from space 1024K, 99% used [0x00000000ebf00000,0x00000000ebffdd08,0x00000000ec000000)
  to   space 4608K, 0% used [0x00000000eba80000,0x00000000eba80000,0x00000000ebf00000)
 ParOldGen       total 187904K, used 150986K [0x00000000c0000000, 0x00000000cb780000, 0x00000000eab00000)
  object space 187904K, 80% used [0x00000000c0000000,0x00000000c9372aa0,0x00000000cb780000)
 Metaspace       used 49664K, capacity 52189K, committed 52352K, reserved 1095680K
  class space    used 5316K, capacity 6187K, committed 6272K, reserved 1048576K
}
Event: 21.420 GC heap after
{Heap after GC invocations=107 (full 6):
 PSYoungGen      total 20480K, used 4583K [0x00000000eab00000, 0x00000000ed680000, 0x0000000100000000)
  eden space 15872K, 0% used [0x00000000eab00000,0x00000000eab00000,0x00000000eba80000)
  from space 4608K, 99% used [0x00000000eba80000,0x00000000ebef9d48,0x00000000ebf00000)
  to   space 14336K, 0% used [0x00000000ec880000,0x00000000ec880000,0x00000000ed680000)
 ParOldGen       total 187904K, used 158663K [0x00000000c0000000, 0x00000000cb780000, 0x00000000eab00000)
  object space 187904K, 84% used [0x00000000c0000000,0x00000000c9af1cb0,0x00000000cb780000)
 Metaspace       used 49664K, capacity 52189K, committed 52352K, reserved 1095680K
  class space    used 5316K, capacity 6187K, committed 6272K, reserved 1048576K
}
Event: 21.619 GC heap before
{Heap before GC invocations=108 (full 6):
 PSYoungGen      total 20480K, used 20259K [0x00000000eab00000, 0x00000000ed680000, 0x0000000100000000)
  eden space 15872K, 98% used [0x00000000eab00000,0x00000000eba4f058,0x00000000eba80000)
  from space 4608K, 99% used [0x00000000eba80000,0x00000000ebef9d48,0x00000000ebf00000)
  to   space 14336K, 0% used [0x00000000ec880000,0x00000000ec880000,0x00000000ed680000)
 ParOldGen       total 187904K, used 158663K [0x00000000c0000000, 0x00000000cb780000, 0x00000000eab00000)
  object space 187904K, 84% used [0x00000000c0000000,0x00000000c9af1cb0,0x00000000cb780000)
 Metaspace       used 49665K, capacity 52189K, committed 52352K, reserved 1095680K
  class space    used 5316K, capacity 6187K, committed 6272K, reserved 1048576K
}
Event: 21.629 GC heap after
{Heap after GC invocations=108 (full 6):
 PSYoungGen      total 25600K, used 14322K [0x00000000eab00000, 0x00000000edf80000, 0x0000000100000000)
  eden space 11264K, 0% used [0x00000000eab00000,0x00000000eab00000,0x00000000eb600000)
  from space 14336K, 99% used [0x00000000ec880000,0x00000000ed67c828,0x00000000ed680000)
  to   space 18944K, 0% used [0x00000000eb600000,0x00000000eb600000,0x00000000ec880000)
 ParOldGen       total 187904K, used 161607K [0x00000000c0000000, 0x00000000cb780000, 0x00000000eab00000)
  object space 187904K, 86% used [0x00000000c0000000,0x00000000c9dd1f90,0x00000000cb780000)
 Metaspace       used 49665K, capacity 52189K, committed 52352K, reserved 1095680K
  class space    used 5316K, capacity 6187K, committed 6272K, reserved 1048576K
}
Event: 21.842 GC heap before
{Heap before GC invocations=109 (full 6):
 PSYoungGen      total 25600K, used 25586K [0x00000000eab00000, 0x00000000edf80000, 0x0000000100000000)
  eden space 11264K, 100% used [0x00000000eab00000,0x00000000eb600000,0x00000000eb600000)
  from space 14336K, 99% used [0x00000000ec880000,0x00000000ed67c828,0x00000000ed680000)
  to   space 18944K, 0% used [0x00000000eb600000,0x00000000eb600000,0x00000000ec880000)
 ParOldGen       total 187904K, used 161607K [0x00000000c0000000, 0x00000000cb780000, 0x00000000eab00000)
  object space 187904K, 86% used [0x00000000c0000000,0x00000000c9dd1f90,0x00000000cb780000)
 Metaspace       used 49665K, capacity 52189K, committed 52352K, reserved 1095680K
  class space    used 5316K, capacity 6187K, committed 6272K, reserved 1048576K
}
Event: 21.857 GC heap after
{Heap after GC invocations=109 (full 6):
 PSYoungGen      total 24064K, used 12597K [0x00000000eab00000, 0x00000000ed200000, 0x0000000100000000)
  eden space 11264K, 0% used [0x00000000eab00000,0x00000000eab00000,0x00000000eb600000)
  from space 12800K, 98% used [0x00000000eb600000,0x00000000ec24d6d8,0x00000000ec280000)
  to   space 14336K, 0% used [0x00000000ec400000,0x00000000ec400000,0x00000000ed200000)
 ParOldGen       total 187904K, used 176009K [0x00000000c0000000, 0x00000000cb780000, 0x00000000eab00000)
  object space 187904K, 93% used [0x00000000c0000000,0x00000000cabe2640,0x00000000cb780000)
 Metaspace       used 49665K, capacity 52189K, committed 52352K, reserved 1095680K
  class space    used 5316K, capacity 6187K, committed 6272K, reserved 1048576K
}
Event: 21.857 GC heap before
{Heap before GC invocations=110 (full 7):
 PSYoungGen      total 24064K, used 12597K [0x00000000eab00000, 0x00000000ed200000, 0x0000000100000000)
  eden space 11264K, 0% used [0x00000000eab00000,0x00000000eab00000,0x00000000eb600000)
  from space 12800K, 98% used [0x00000000eb600000,0x00000000ec24d6d8,0x00000000ec280000)
  to   space 14336K, 0% used [0x00000000ec400000,0x00000000ec400000,0x00000000ed200000)
 ParOldGen       total 187904K, used 176009K [0x00000000c0000000, 0x00000000cb780000, 0x00000000eab00000)
  object space 187904K, 93% used [0x00000000c0000000,0x00000000cabe2640,0x00000000cb780000)
 Metaspace       used 49665K, capacity 52189K, committed 52352K, reserved 1095680K
  class space    used 5316K, capacity 6187K, committed 6272K, reserved 1048576K
}
Event: 22.077 GC heap after
{Heap after GC invocations=110 (full 7):
 PSYoungGen      total 25600K, used 0K [0x00000000eab00000, 0x00000000ed200000, 0x0000000100000000)
  eden space 11264K, 0% used [0x00000000eab00000,0x00000000eab00000,0x00000000eb600000)
  from space 14336K, 0% used [0x00000000ec400000,0x00000000ec400000,0x00000000ed200000)
  to   space 14336K, 0% used [0x00000000eb600000,0x00000000eb600000,0x00000000ec400000)
 ParOldGen       total 234496K, used 180119K [0x00000000c0000000, 0x00000000ce500000, 0x00000000eab00000)
  object space 234496K, 76% used [0x00000000c0000000,0x00000000cafe5d60,0x00000000ce500000)
 Metaspace       used 49665K, capacity 52189K, committed 52352K, reserved 1095680K
  class space    used 5316K, capacity 6187K, committed 6272K, reserved 1048576K
}
Event: 22.299 GC heap before
{Heap before GC invocations=111 (full 7):
 PSYoungGen      total 25600K, used 11264K [0x00000000eab00000, 0x00000000ed200000, 0x0000000100000000)
  eden space 11264K, 100% used [0x00000000eab00000,0x00000000eb600000,0x00000000eb600000)
  from space 14336K, 0% used [0x00000000ec400000,0x00000000ec400000,0x00000000ed200000)
  to   space 14336K, 0% used [0x00000000eb600000,0x00000000eb600000,0x00000000ec400000)
 ParOldGen       total 234496K, used 180119K [0x00000000c0000000, 0x00000000ce500000, 0x00000000eab00000)
  object space 234496K, 76% used [0x00000000c0000000,0x00000000cafe5d60,0x00000000ce500000)
 Metaspace       used 49690K, capacity 52189K, committed 52352K, reserved 1095680K
  class space    used 5316K, capacity 6187K, committed 6272K, reserved 1048576K
}
Event: 22.310 GC heap after
{Heap after GC invocations=111 (full 7):
 PSYoungGen      total 22528K, used 11081K [0x00000000eab00000, 0x00000000ece00000, 0x0000000100000000)
  eden space 11264K, 0% used [0x00000000eab00000,0x00000000eab00000,0x00000000eb600000)
  from space 11264K, 98% used [0x00000000eb600000,0x00000000ec0d27d0,0x00000000ec100000)
  to   space 12288K, 0% used [0x00000000ec200000,0x00000000ec200000,0x00000000ece00000)
 ParOldGen       total 234496K, used 180119K [0x00000000c0000000, 0x00000000ce500000, 0x00000000eab00000)
  object space 234496K, 76% used [0x00000000c0000000,0x00000000cafe5d60,0x00000000ce500000)
 Metaspace       used 49690K, capacity 52189K, committed 52352K, reserved 1095680K
  class space    used 5316K, capacity 6187K, committed 6272K, reserved 1048576K
}
Event: 433.168 GC heap before
{Heap before GC invocations=112 (full 7):
 PSYoungGen      total 22528K, used 22345K [0x00000000eab00000, 0x00000000ece00000, 0x0000000100000000)
  eden space 11264K, 100% used [0x00000000eab00000,0x00000000eb600000,0x00000000eb600000)
  from space 11264K, 98% used [0x00000000eb600000,0x00000000ec0d27d0,0x00000000ec100000)
  to   space 12288K, 0% used [0x00000000ec200000,0x00000000ec200000,0x00000000ece00000)
 ParOldGen       total 234496K, used 180119K [0x00000000c0000000, 0x00000000ce500000, 0x00000000eab00000)
  object space 234496K, 76% used [0x00000000c0000000,0x00000000cafe5d60,0x00000000ce500000)
 Metaspace       used 50140K, capacity 52698K, committed 52864K, reserved 1095680K
  class space    used 5362K, capacity 6272K, committed 6272K, reserved 1048576K
}
Event: 433.187 GC heap after
{Heap after GC invocations=112 (full 7):
 PSYoungGen      total 19968K, used 12273K [0x00000000eab00000, 0x00000000ed500000, 0x0000000100000000)
  eden space 7680K, 0% used [0x00000000eab00000,0x00000000eab00000,0x00000000eb280000)
  from space 12288K, 99% used [0x00000000ec200000,0x00000000ecdfc770,0x00000000ece00000)
  to   space 15872K, 0% used [0x00000000eb280000,0x00000000eb280000,0x00000000ec200000)
 ParOldGen       total 234496K, used 182806K [0x00000000c0000000, 0x00000000ce500000, 0x00000000eab00000)
  object space 234496K, 77% used [0x00000000c0000000,0x00000000cb285808,0x00000000ce500000)
 Metaspace       used 50140K, capacity 52698K, committed 52864K, reserved 1095680K
  class space    used 5362K, capacity 6272K, committed 6272K, reserved 1048576K
}
Event: 154577.594 GC heap before
{Heap before GC invocations=113 (full 7):
 PSYoungGen      total 19968K, used 19953K [0x00000000eab00000, 0x00000000ed500000, 0x0000000100000000)
  eden space 7680K, 100% used [0x00000000eab00000,0x00000000eb280000,0x00000000eb280000)
  from space 12288K, 99% used [0x00000000ec200000,0x00000000ecdfc770,0x00000000ece00000)
  to   space 15872K, 0% used [0x00000000eb280000,0x00000000eb280000,0x00000000ec200000)
 ParOldGen       total 234496K, used 182806K [0x00000000c0000000, 0x00000000ce500000, 0x00000000eab00000)
  object space 234496K, 77% used [0x00000000c0000000,0x00000000cb285808,0x00000000ce500000)
 Metaspace       used 50463K, capacity 53029K, committed 53248K, reserved 1095680K
  class space    used 5365K, capacity 6274K, committed 6400K, reserved 1048576K
}

